c:\development\git\d3dx12\dx_rks\x64\debug\dx_rks.pch
c:\development\git\d3dx12\dx_rks\x64\debug\vc143.pdb
c:\development\git\d3dx12\dx_rks\x64\debug\vc143.idb
c:\development\git\d3dx12\dx_rks\x64\debug\client.obj
c:\development\git\d3dx12\dx_rks\x64\debug\game.obj
c:\development\git\d3dx12\dx_rks\x64\debug\pch.obj
c:\development\git\d3dx12\dx_rks\x64\debug\dx_rks.res
c:\development\git\d3dx12\output\dx_rks.pdb
c:\development\git\d3dx12\dx_rks\x64\debug\dx_rks.tlog\cl.command.1.tlog
c:\development\git\d3dx12\dx_rks\x64\debug\dx_rks.tlog\cl.read.1.tlog
c:\development\git\d3dx12\dx_rks\x64\debug\dx_rks.tlog\cl.write.1.tlog
c:\development\git\d3dx12\dx_rks\x64\debug\dx_rks.tlog\link.52532-cvtres.read.1.tlog
c:\development\git\d3dx12\dx_rks\x64\debug\dx_rks.tlog\link.52532-cvtres.write.1.tlog
c:\development\git\d3dx12\dx_rks\x64\debug\dx_rks.tlog\link.52532-rc.read.1.tlog
c:\development\git\d3dx12\dx_rks\x64\debug\dx_rks.tlog\link.52532-rc.write.1.tlog
c:\development\git\d3dx12\dx_rks\x64\debug\dx_rks.tlog\link.52532.read.1.tlog
c:\development\git\d3dx12\dx_rks\x64\debug\dx_rks.tlog\link.52532.read.2.tlog
c:\development\git\d3dx12\dx_rks\x64\debug\dx_rks.tlog\link.52532.write.1.tlog
c:\development\git\d3dx12\dx_rks\x64\debug\dx_rks.tlog\link.command.1.tlog
c:\development\git\d3dx12\dx_rks\x64\debug\dx_rks.tlog\link.read.1.tlog
c:\development\git\d3dx12\dx_rks\x64\debug\dx_rks.tlog\link.write.1.tlog
c:\development\git\d3dx12\dx_rks\x64\debug\dx_rks.tlog\rc.command.1.tlog
c:\development\git\d3dx12\dx_rks\x64\debug\dx_rks.tlog\rc.read.1.tlog
c:\development\git\d3dx12\dx_rks\x64\debug\dx_rks.tlog\rc.write.1.tlog
